d:\universty\ds-project\ds-project\restaurant\debug\vc142.pdb
d:\universty\ds-project\ds-project\restaurant\debug\vc142.idb
d:\universty\ds-project\ds-project\restaurant\debug\restaurant.obj
d:\universty\ds-project\ds-project\restaurant\debug\order.obj
d:\universty\ds-project\ds-project\restaurant\debug\cook.obj
d:\universty\ds-project\ds-project\restaurant\debug\gui.obj
d:\universty\ds-project\ds-project\restaurant\debug\promotionevent.obj
d:\universty\ds-project\ds-project\restaurant\debug\arrivalevent.obj
d:\universty\ds-project\ds-project\restaurant\debug\event.obj
d:\universty\ds-project\ds-project\restaurant\debug\cancellationevent.obj
d:\universty\ds-project\ds-project\restaurant\debug\demo_main.obj
d:\universty\ds-project\ds-project\restaurant\debug\windowinput.obj
d:\universty\ds-project\ds-project\restaurant\debug\mousequeue.obj
d:\universty\ds-project\ds-project\restaurant\debug\keyqueue.obj
d:\universty\ds-project\ds-project\restaurant\debug\image.obj
d:\universty\ds-project\ds-project\restaurant\debug\colors.obj
d:\universty\ds-project\ds-project\restaurant\debug\cmugraphics.obj
d:\universty\ds-project\ds-project\restaurant\debug\jerror.obj
d:\universty\ds-project\ds-project\restaurant\debug\jdtrans.obj
d:\universty\ds-project\ds-project\restaurant\debug\jdsample.obj
d:\universty\ds-project\ds-project\restaurant\debug\jdpostct.obj
d:\universty\ds-project\ds-project\restaurant\debug\jdphuff.obj
d:\universty\ds-project\ds-project\restaurant\debug\jdmerge.obj
d:\universty\ds-project\ds-project\restaurant\debug\jdmaster.obj
d:\universty\ds-project\ds-project\restaurant\debug\jdmarker.obj
d:\universty\ds-project\ds-project\restaurant\debug\jdmainct.obj
d:\universty\ds-project\ds-project\restaurant\debug\jdinput.obj
d:\universty\ds-project\ds-project\restaurant\debug\jdhuff.obj
d:\universty\ds-project\ds-project\restaurant\debug\jddctmgr.obj
d:\universty\ds-project\ds-project\restaurant\debug\jdcolor.obj
d:\universty\ds-project\ds-project\restaurant\debug\jdcoefct.obj
d:\universty\ds-project\ds-project\restaurant\debug\jdatasrc.obj
d:\universty\ds-project\ds-project\restaurant\debug\jdapistd.obj
d:\universty\ds-project\ds-project\restaurant\debug\jdapimin.obj
d:\universty\ds-project\ds-project\restaurant\debug\jcparam.obj
d:\universty\ds-project\ds-project\restaurant\debug\jcomapi.obj
d:\universty\ds-project\ds-project\restaurant\debug\jpegload.obj
d:\universty\ds-project\ds-project\restaurant\debug\jutils.obj
d:\universty\ds-project\ds-project\restaurant\debug\jquant2.obj
d:\universty\ds-project\ds-project\restaurant\debug\jquant1.obj
d:\universty\ds-project\ds-project\restaurant\debug\jmemnobs.obj
d:\universty\ds-project\ds-project\restaurant\debug\jmemmgr.obj
d:\universty\ds-project\ds-project\restaurant\debug\jidctred.obj
d:\universty\ds-project\ds-project\restaurant\debug\jidctint.obj
d:\universty\ds-project\ds-project\restaurant\debug\jidctfst.obj
d:\universty\ds-project\ds-project\restaurant\debug\jidctflt.obj
d:\universty\ds-project\ds-project\debug\restaurant.exe
d:\universty\ds-project\ds-project\debug\restaurant.ilk
d:\universty\ds-project\ds-project\debug\restaurant.pdb
d:\universty\ds-project\ds-project\restaurant\debug\restaurant.new.obj.enc
d:\universty\ds-project\ds-project\restaurant\debug\restaurant.tlog\cl.command.1.tlog
d:\universty\ds-project\ds-project\restaurant\debug\restaurant.tlog\cl.read.1.tlog
d:\universty\ds-project\ds-project\restaurant\debug\restaurant.tlog\cl.write.1.tlog
d:\universty\ds-project\ds-project\restaurant\debug\restaurant.tlog\link.command.1.tlog
d:\universty\ds-project\ds-project\restaurant\debug\restaurant.tlog\link.read.1.tlog
d:\universty\ds-project\ds-project\restaurant\debug\restaurant.tlog\link.write.1.tlog
